2014/09/13 20:46:33 [error] [system.db.CDbCommand] CDbCommand::fetchAll() failed: SQLSTATE[42S02]: Base table or view not found: 1146 Table 'mor_yiiapp.Department' doesn't exist. The SQL statement executed was: SHOW FULL COLUMNS FROM `Department`.
in /Applications/MAMP/htdocs/test.yiiapp.com/index.php (13)
2014/09/13 20:46:35 [error] [system.db.CDbCommand] CDbCommand::fetchAll() failed: SQLSTATE[42S02]: Base table or view not found: 1146 Table 'mor_yiiapp.Department' doesn't exist. The SQL statement executed was: SHOW FULL COLUMNS FROM `Department`.
in /Applications/MAMP/htdocs/test.yiiapp.com/index.php (13)
2014/09/13 21:21:11 [error] [system.db.CDbCommand] CDbCommand::fetchAll() failed: SQLSTATE[42S02]: Base table or view not found: 1146 Table 'mor_yiiapp.Department' doesn't exist. The SQL statement executed was: SHOW FULL COLUMNS FROM `Department`.
in /Applications/MAMP/htdocs/test.yiiapp.com/index.php (13)
2014/09/13 21:21:13 [error] [system.db.CDbCommand] CDbCommand::fetchAll() failed: SQLSTATE[42S02]: Base table or view not found: 1146 Table 'mor_yiiapp.Department' doesn't exist. The SQL statement executed was: SHOW FULL COLUMNS FROM `Department`.
in /Applications/MAMP/htdocs/test.yiiapp.com/index.php (13)
2014/09/13 21:21:48 [error] [system.db.CDbCommand] CDbCommand::fetchAll() failed: SQLSTATE[42S02]: Base table or view not found: 1146 Table 'mor_yiiapp.Department' doesn't exist. The SQL statement executed was: SHOW FULL COLUMNS FROM `Department`.
in /Applications/MAMP/htdocs/test.yiiapp.com/index.php (13)
2014/09/13 21:21:49 [error] [system.db.CDbCommand] CDbCommand::fetchAll() failed: SQLSTATE[42S02]: Base table or view not found: 1146 Table 'mor_yiiapp.Department' doesn't exist. The SQL statement executed was: SHOW FULL COLUMNS FROM `Department`.
in /Applications/MAMP/htdocs/test.yiiapp.com/index.php (13)
2014/09/13 21:54:48 [error] [exception.CException] exception 'CException' with message 'Property "User.staff_password" is not defined.' in /Applications/MAMP/yii1.1/framework/base/CComponent.php:130
Stack trace:
#0 /Applications/MAMP/yii1.1/framework/db/ar/CActiveRecord.php(145): CComponent->__get('staff_password')
#1 /Applications/MAMP/htdocs/test.yiiapp.com/protected/models/User.php(115): CActiveRecord->__get('staff_password')
#2 /Applications/MAMP/yii1.1/framework/base/CModel.php(160): User->afterValidate()
#3 /Applications/MAMP/yii1.1/framework/db/ar/CActiveRecord.php(805): CModel->validate(NULL)
#4 /Applications/MAMP/htdocs/test.yiiapp.com/protected/controllers/UserController.php(73): CActiveRecord->save()
#5 /Applications/MAMP/yii1.1/framework/web/actions/CInlineAction.php(49): UserController->actionCreate()
#6 /Applications/MAMP/yii1.1/framework/web/CController.php(308): CInlineAction->runWithParams(Array)
#7 /Applications/MAMP/yii1.1/framework/web/filters/CFilterChain.php(133): CController->runAction(Object(CInlineAction))
#8 /Applications/MAMP/yii1.1/framework/web/filters/CFilter.php(40): CFilterChain->run()
#9 /Applications/MAMP/yii1.1/framework/web/CController.php(1145): CFilter->filter(Object(CFilterChain))
#10 /Applications/MAMP/yii1.1/framework/web/filters/CInlineFilter.php(58): CController->filterAccessControl(Object(CFilterChain))
#11 /Applications/MAMP/yii1.1/framework/web/filters/CFilterChain.php(130): CInlineFilter->filter(Object(CFilterChain))
#12 /Applications/MAMP/yii1.1/framework/web/CController.php(291): CFilterChain->run()
#13 /Applications/MAMP/yii1.1/framework/web/CController.php(265): CController->runActionWithFilters(Object(CInlineAction), Array)
#14 /Applications/MAMP/yii1.1/framework/web/CWebApplication.php(282): CController->run('create')
#15 /Applications/MAMP/yii1.1/framework/web/CWebApplication.php(141): CWebApplication->runController('user/create')
#16 /Applications/MAMP/yii1.1/framework/base/CApplication.php(180): CWebApplication->processRequest()
#17 /Applications/MAMP/htdocs/test.yiiapp.com/index.php(13): CApplication->run()
#18 {main}
REQUEST_URI=/index.php?r=user/create
HTTP_REFERER=http://test.yiiapp.com/index.php?r=user/create
---
2014/09/13 21:56:18 [error] [exception.CException] exception 'CException' with message 'Property "UserIdentity._id" is not defined.' in /Applications/MAMP/yii1.1/framework/base/CComponent.php:173
Stack trace:
#0 /Applications/MAMP/htdocs/test.yiiapp.com/protected/components/UserIdentity.php(49): CComponent->__set('_id', '0')
#1 /Applications/MAMP/htdocs/test.yiiapp.com/protected/models/LoginForm.php(52): UserIdentity->authenticate()
#2 /Applications/MAMP/yii1.1/framework/validators/CInlineValidator.php(42): LoginForm->authenticate('password', Array)
#3 /Applications/MAMP/yii1.1/framework/validators/CValidator.php(213): CInlineValidator->validateAttribute(Object(LoginForm), 'password')
#4 /Applications/MAMP/yii1.1/framework/base/CModel.php(159): CValidator->validate(Object(LoginForm), NULL)
#5 /Applications/MAMP/htdocs/test.yiiapp.com/protected/controllers/SiteController.php(94): CModel->validate()
#6 /Applications/MAMP/yii1.1/framework/web/actions/CInlineAction.php(49): SiteController->actionLogin()
#7 /Applications/MAMP/yii1.1/framework/web/CController.php(308): CInlineAction->runWithParams(Array)
#8 /Applications/MAMP/yii1.1/framework/web/CController.php(286): CController->runAction(Object(CInlineAction))
#9 /Applications/MAMP/yii1.1/framework/web/CController.php(265): CController->runActionWithFilters(Object(CInlineAction), Array)
#10 /Applications/MAMP/yii1.1/framework/web/CWebApplication.php(282): CController->run('login')
#11 /Applications/MAMP/yii1.1/framework/web/CWebApplication.php(141): CWebApplication->runController('site/login')
#12 /Applications/MAMP/yii1.1/framework/base/CApplication.php(180): CWebApplication->processRequest()
#13 /Applications/MAMP/htdocs/test.yiiapp.com/index.php(13): CApplication->run()
#14 {main}
REQUEST_URI=/index.php?r=site/login
HTTP_REFERER=http://test.yiiapp.com/index.php?r=site/login
---
2014/09/13 23:17:14 [error] [system.db.CDbCommand] CDbCommand::execute() failed: SQLSTATE[23000]: Integrity constraint violation: 1062 Duplicate entry 'createUser' for key 'PRIMARY'. The SQL statement executed was: INSERT INTO `dm_auth_item` (`name`, `type`, `description`, `bizrule`, `data`) VALUES (:name, :type, :description, :bizrule, :data).
in /Applications/MAMP/htdocs/test.yiiapp.com/protected/controllers/SiteController.php (113)
in /Applications/MAMP/htdocs/test.yiiapp.com/index.php (13)
2014/09/13 23:17:14 [error] [exception.CDbException] exception 'CDbException' with message 'CDbCommand failed to execute the SQL statement: SQLSTATE[23000]: Integrity constraint violation: 1062 Duplicate entry 'createUser' for key 'PRIMARY'. The SQL statement executed was: INSERT INTO `dm_auth_item` (`name`, `type`, `description`, `bizrule`, `data`) VALUES (:name, :type, :description, :bizrule, :data)' in /Applications/MAMP/yii1.1/framework/db/CDbCommand.php:358
Stack trace:
#0 /Applications/MAMP/yii1.1/framework/db/CDbCommand.php(1250): CDbCommand->execute(Array)
#1 /Applications/MAMP/yii1.1/framework/web/auth/CDbAuthManager.php(444): CDbCommand->insert('dm_auth_item', Array)
#2 /Applications/MAMP/yii1.1/framework/web/auth/CAuthManager.php(100): CDbAuthManager->createAuthItem('createUser', 0, '', NULL, NULL)
#3 /Applications/MAMP/htdocs/test.yiiapp.com/protected/controllers/SiteController.php(113): CAuthManager->createOperation('createUser')
#4 /Applications/MAMP/yii1.1/framework/web/actions/CInlineAction.php(49): SiteController->actionSetup()
#5 /Applications/MAMP/yii1.1/framework/web/CController.php(308): CInlineAction->runWithParams(Array)
#6 /Applications/MAMP/yii1.1/framework/web/CController.php(286): CController->runAction(Object(CInlineAction))
#7 /Applications/MAMP/yii1.1/framework/web/CController.php(265): CController->runActionWithFilters(Object(CInlineAction), Array)
#8 /Applications/MAMP/yii1.1/framework/web/CWebApplication.php(282): CController->run('setup')
#9 /Applications/MAMP/yii1.1/framework/web/CWebApplication.php(141): CWebApplication->runController('site/setup')
#10 /Applications/MAMP/yii1.1/framework/base/CApplication.php(180): CWebApplication->processRequest()
#11 /Applications/MAMP/htdocs/test.yiiapp.com/index.php(13): CApplication->run()
#12 {main}
REQUEST_URI=/index.php?r=site/setup
---
2014/09/13 23:19:39 [error] [system.db.CDbCommand] CDbCommand::execute() failed: SQLSTATE[23000]: Integrity constraint violation: 1062 Duplicate entry '0' for key 'PRIMARY'. The SQL statement executed was: INSERT INTO `dm_user` (`name`, `password`, `email`, `type`) VALUES (:yp0, :yp1, :yp2, :yp3).
in /Applications/MAMP/htdocs/test.yiiapp.com/protected/controllers/UserController.php (75)
in /Applications/MAMP/htdocs/test.yiiapp.com/index.php (13)
2014/09/13 23:19:39 [error] [exception.CDbException] exception 'CDbException' with message 'CDbCommand failed to execute the SQL statement: SQLSTATE[23000]: Integrity constraint violation: 1062 Duplicate entry '0' for key 'PRIMARY'. The SQL statement executed was: INSERT INTO `dm_user` (`name`, `password`, `email`, `type`) VALUES (:yp0, :yp1, :yp2, :yp3)' in /Applications/MAMP/yii1.1/framework/db/CDbCommand.php:358
Stack trace:
#0 /Applications/MAMP/yii1.1/framework/db/ar/CActiveRecord.php(1077): CDbCommand->execute()
#1 /Applications/MAMP/yii1.1/framework/db/ar/CActiveRecord.php(806): CActiveRecord->insert(NULL)
#2 /Applications/MAMP/htdocs/test.yiiapp.com/protected/controllers/UserController.php(75): CActiveRecord->save()
#3 /Applications/MAMP/yii1.1/framework/web/actions/CInlineAction.php(49): UserController->actionCreate()
#4 /Applications/MAMP/yii1.1/framework/web/CController.php(308): CInlineAction->runWithParams(Array)
#5 /Applications/MAMP/yii1.1/framework/web/filters/CFilterChain.php(133): CController->runAction(Object(CInlineAction))
#6 /Applications/MAMP/yii1.1/framework/web/filters/CFilter.php(40): CFilterChain->run()
#7 /Applications/MAMP/yii1.1/framework/web/CController.php(1145): CFilter->filter(Object(CFilterChain))
#8 /Applications/MAMP/yii1.1/framework/web/filters/CInlineFilter.php(58): CController->filterAccessControl(Object(CFilterChain))
#9 /Applications/MAMP/yii1.1/framework/web/filters/CFilterChain.php(130): CInlineFilter->filter(Object(CFilterChain))
#10 /Applications/MAMP/yii1.1/framework/web/CController.php(291): CFilterChain->run()
#11 /Applications/MAMP/yii1.1/framework/web/CController.php(265): CController->runActionWithFilters(Object(CInlineAction), Array)
#12 /Applications/MAMP/yii1.1/framework/web/CWebApplication.php(282): CController->run('create')
#13 /Applications/MAMP/yii1.1/framework/web/CWebApplication.php(141): CWebApplication->runController('user/create')
#14 /Applications/MAMP/yii1.1/framework/base/CApplication.php(180): CWebApplication->processRequest()
#15 /Applications/MAMP/htdocs/test.yiiapp.com/index.php(13): CApplication->run()
#16 {main}
REQUEST_URI=/index.php?r=user/create
HTTP_REFERER=http://test.yiiapp.com/index.php?r=user/create
---
2014/09/13 23:21:17 [error] [exception.CHttpException.403] exception 'CHttpException' with message 'You are not authorized to perform this action.' in /Applications/MAMP/yii1.1/framework/web/auth/CAccessControlFilter.php:182
Stack trace:
#0 /Applications/MAMP/yii1.1/framework/web/auth/CAccessControlFilter.php(145): CAccessControlFilter->accessDenied(Object(CWebUser), 'You are not aut...')
#1 /Applications/MAMP/yii1.1/framework/web/filters/CFilter.php(38): CAccessControlFilter->preFilter(Object(CFilterChain))
#2 /Applications/MAMP/yii1.1/framework/web/CController.php(1145): CFilter->filter(Object(CFilterChain))
#3 /Applications/MAMP/yii1.1/framework/web/filters/CInlineFilter.php(58): CController->filterAccessControl(Object(CFilterChain))
#4 /Applications/MAMP/yii1.1/framework/web/filters/CFilterChain.php(130): CInlineFilter->filter(Object(CFilterChain))
#5 /Applications/MAMP/yii1.1/framework/web/CController.php(291): CFilterChain->run()
#6 /Applications/MAMP/yii1.1/framework/web/CController.php(265): CController->runActionWithFilters(Object(CInlineAction), Array)
#7 /Applications/MAMP/yii1.1/framework/web/CWebApplication.php(282): CController->run('admin')
#8 /Applications/MAMP/yii1.1/framework/web/CWebApplication.php(141): CWebApplication->runController('user/admin')
#9 /Applications/MAMP/yii1.1/framework/base/CApplication.php(180): CWebApplication->processRequest()
#10 /Applications/MAMP/htdocs/test.yiiapp.com/index.php(13): CApplication->run()
#11 {main}
REQUEST_URI=/index.php?r=user/admin
HTTP_REFERER=http://test.yiiapp.com/index.php?r=user/index
---
2014/09/13 23:22:31 [error] [exception.CHttpException.403] exception 'CHttpException' with message 'You are not authorized to perform this action.' in /Applications/MAMP/yii1.1/framework/web/auth/CAccessControlFilter.php:182
Stack trace:
#0 /Applications/MAMP/yii1.1/framework/web/auth/CAccessControlFilter.php(145): CAccessControlFilter->accessDenied(Object(CWebUser), 'You are not aut...')
#1 /Applications/MAMP/yii1.1/framework/web/filters/CFilter.php(38): CAccessControlFilter->preFilter(Object(CFilterChain))
#2 /Applications/MAMP/yii1.1/framework/web/CController.php(1145): CFilter->filter(Object(CFilterChain))
#3 /Applications/MAMP/yii1.1/framework/web/filters/CInlineFilter.php(58): CController->filterAccessControl(Object(CFilterChain))
#4 /Applications/MAMP/yii1.1/framework/web/filters/CFilterChain.php(130): CInlineFilter->filter(Object(CFilterChain))
#5 /Applications/MAMP/yii1.1/framework/web/CController.php(291): CFilterChain->run()
#6 /Applications/MAMP/yii1.1/framework/web/CController.php(265): CController->runActionWithFilters(Object(CInlineAction), Array)
#7 /Applications/MAMP/yii1.1/framework/web/CWebApplication.php(282): CController->run('index')
#8 /Applications/MAMP/yii1.1/framework/web/CWebApplication.php(141): CWebApplication->runController('user/index')
#9 /Applications/MAMP/yii1.1/framework/base/CApplication.php(180): CWebApplication->processRequest()
#10 /Applications/MAMP/htdocs/test.yiiapp.com/index.php(13): CApplication->run()
#11 {main}
REQUEST_URI=/index.php?r=user/index
HTTP_REFERER=http://test.yiiapp.com/index.php
---
2014/09/13 23:22:34 [error] [exception.CHttpException.403] exception 'CHttpException' with message 'You are not authorized to perform this action.' in /Applications/MAMP/yii1.1/framework/web/auth/CAccessControlFilter.php:182
Stack trace:
#0 /Applications/MAMP/yii1.1/framework/web/auth/CAccessControlFilter.php(145): CAccessControlFilter->accessDenied(Object(CWebUser), 'You are not aut...')
#1 /Applications/MAMP/yii1.1/framework/web/filters/CFilter.php(38): CAccessControlFilter->preFilter(Object(CFilterChain))
#2 /Applications/MAMP/yii1.1/framework/web/CController.php(1145): CFilter->filter(Object(CFilterChain))
#3 /Applications/MAMP/yii1.1/framework/web/filters/CInlineFilter.php(58): CController->filterAccessControl(Object(CFilterChain))
#4 /Applications/MAMP/yii1.1/framework/web/filters/CFilterChain.php(130): CInlineFilter->filter(Object(CFilterChain))
#5 /Applications/MAMP/yii1.1/framework/web/CController.php(291): CFilterChain->run()
#6 /Applications/MAMP/yii1.1/framework/web/CController.php(265): CController->runActionWithFilters(Object(CInlineAction), Array)
#7 /Applications/MAMP/yii1.1/framework/web/CWebApplication.php(282): CController->run('index')
#8 /Applications/MAMP/yii1.1/framework/web/CWebApplication.php(141): CWebApplication->runController('user/index')
#9 /Applications/MAMP/yii1.1/framework/base/CApplication.php(180): CWebApplication->processRequest()
#10 /Applications/MAMP/htdocs/test.yiiapp.com/index.php(13): CApplication->run()
#11 {main}
REQUEST_URI=/index.php?r=user/index
HTTP_REFERER=http://test.yiiapp.com/index.php?r=user/index
---
2014/09/13 23:22:35 [error] [exception.CHttpException.403] exception 'CHttpException' with message 'You are not authorized to perform this action.' in /Applications/MAMP/yii1.1/framework/web/auth/CAccessControlFilter.php:182
Stack trace:
#0 /Applications/MAMP/yii1.1/framework/web/auth/CAccessControlFilter.php(145): CAccessControlFilter->accessDenied(Object(CWebUser), 'You are not aut...')
#1 /Applications/MAMP/yii1.1/framework/web/filters/CFilter.php(38): CAccessControlFilter->preFilter(Object(CFilterChain))
#2 /Applications/MAMP/yii1.1/framework/web/CController.php(1145): CFilter->filter(Object(CFilterChain))
#3 /Applications/MAMP/yii1.1/framework/web/filters/CInlineFilter.php(58): CController->filterAccessControl(Object(CFilterChain))
#4 /Applications/MAMP/yii1.1/framework/web/filters/CFilterChain.php(130): CInlineFilter->filter(Object(CFilterChain))
#5 /Applications/MAMP/yii1.1/framework/web/CController.php(291): CFilterChain->run()
#6 /Applications/MAMP/yii1.1/framework/web/CController.php(265): CController->runActionWithFilters(Object(CInlineAction), Array)
#7 /Applications/MAMP/yii1.1/framework/web/CWebApplication.php(282): CController->run('index')
#8 /Applications/MAMP/yii1.1/framework/web/CWebApplication.php(141): CWebApplication->runController('user/index')
#9 /Applications/MAMP/yii1.1/framework/base/CApplication.php(180): CWebApplication->processRequest()
#10 /Applications/MAMP/htdocs/test.yiiapp.com/index.php(13): CApplication->run()
#11 {main}
REQUEST_URI=/index.php?r=user/index
HTTP_REFERER=http://test.yiiapp.com/index.php?r=user/index
---
2014/09/13 23:22:35 [error] [exception.CHttpException.403] exception 'CHttpException' with message 'You are not authorized to perform this action.' in /Applications/MAMP/yii1.1/framework/web/auth/CAccessControlFilter.php:182
Stack trace:
#0 /Applications/MAMP/yii1.1/framework/web/auth/CAccessControlFilter.php(145): CAccessControlFilter->accessDenied(Object(CWebUser), 'You are not aut...')
#1 /Applications/MAMP/yii1.1/framework/web/filters/CFilter.php(38): CAccessControlFilter->preFilter(Object(CFilterChain))
#2 /Applications/MAMP/yii1.1/framework/web/CController.php(1145): CFilter->filter(Object(CFilterChain))
#3 /Applications/MAMP/yii1.1/framework/web/filters/CInlineFilter.php(58): CController->filterAccessControl(Object(CFilterChain))
#4 /Applications/MAMP/yii1.1/framework/web/filters/CFilterChain.php(130): CInlineFilter->filter(Object(CFilterChain))
#5 /Applications/MAMP/yii1.1/framework/web/CController.php(291): CFilterChain->run()
#6 /Applications/MAMP/yii1.1/framework/web/CController.php(265): CController->runActionWithFilters(Object(CInlineAction), Array)
#7 /Applications/MAMP/yii1.1/framework/web/CWebApplication.php(282): CController->run('index')
#8 /Applications/MAMP/yii1.1/framework/web/CWebApplication.php(141): CWebApplication->runController('user/index')
#9 /Applications/MAMP/yii1.1/framework/base/CApplication.php(180): CWebApplication->processRequest()
#10 /Applications/MAMP/htdocs/test.yiiapp.com/index.php(13): CApplication->run()
#11 {main}
REQUEST_URI=/index.php?r=user/index
HTTP_REFERER=http://test.yiiapp.com/index.php?r=user/index
---
2014/09/13 23:22:36 [error] [exception.CHttpException.403] exception 'CHttpException' with message 'You are not authorized to perform this action.' in /Applications/MAMP/yii1.1/framework/web/auth/CAccessControlFilter.php:182
Stack trace:
#0 /Applications/MAMP/yii1.1/framework/web/auth/CAccessControlFilter.php(145): CAccessControlFilter->accessDenied(Object(CWebUser), 'You are not aut...')
#1 /Applications/MAMP/yii1.1/framework/web/filters/CFilter.php(38): CAccessControlFilter->preFilter(Object(CFilterChain))
#2 /Applications/MAMP/yii1.1/framework/web/CController.php(1145): CFilter->filter(Object(CFilterChain))
#3 /Applications/MAMP/yii1.1/framework/web/filters/CInlineFilter.php(58): CController->filterAccessControl(Object(CFilterChain))
#4 /Applications/MAMP/yii1.1/framework/web/filters/CFilterChain.php(130): CInlineFilter->filter(Object(CFilterChain))
#5 /Applications/MAMP/yii1.1/framework/web/CController.php(291): CFilterChain->run()
#6 /Applications/MAMP/yii1.1/framework/web/CController.php(265): CController->runActionWithFilters(Object(CInlineAction), Array)
#7 /Applications/MAMP/yii1.1/framework/web/CWebApplication.php(282): CController->run('index')
#8 /Applications/MAMP/yii1.1/framework/web/CWebApplication.php(141): CWebApplication->runController('user/index')
#9 /Applications/MAMP/yii1.1/framework/base/CApplication.php(180): CWebApplication->processRequest()
#10 /Applications/MAMP/htdocs/test.yiiapp.com/index.php(13): CApplication->run()
#11 {main}
REQUEST_URI=/index.php?r=user/index
HTTP_REFERER=http://test.yiiapp.com/index.php?r=user/index
---
2014/09/13 23:22:38 [error] [exception.CHttpException.403] exception 'CHttpException' with message 'You are not authorized to perform this action.' in /Applications/MAMP/yii1.1/framework/web/auth/CAccessControlFilter.php:182
Stack trace:
#0 /Applications/MAMP/yii1.1/framework/web/auth/CAccessControlFilter.php(145): CAccessControlFilter->accessDenied(Object(CWebUser), 'You are not aut...')
#1 /Applications/MAMP/yii1.1/framework/web/filters/CFilter.php(38): CAccessControlFilter->preFilter(Object(CFilterChain))
#2 /Applications/MAMP/yii1.1/framework/web/CController.php(1145): CFilter->filter(Object(CFilterChain))
#3 /Applications/MAMP/yii1.1/framework/web/filters/CInlineFilter.php(58): CController->filterAccessControl(Object(CFilterChain))
#4 /Applications/MAMP/yii1.1/framework/web/filters/CFilterChain.php(130): CInlineFilter->filter(Object(CFilterChain))
#5 /Applications/MAMP/yii1.1/framework/web/CController.php(291): CFilterChain->run()
#6 /Applications/MAMP/yii1.1/framework/web/CController.php(265): CController->runActionWithFilters(Object(CInlineAction), Array)
#7 /Applications/MAMP/yii1.1/framework/web/CWebApplication.php(282): CController->run('index')
#8 /Applications/MAMP/yii1.1/framework/web/CWebApplication.php(141): CWebApplication->runController('user/index')
#9 /Applications/MAMP/yii1.1/framework/base/CApplication.php(180): CWebApplication->processRequest()
#10 /Applications/MAMP/htdocs/test.yiiapp.com/index.php(13): CApplication->run()
#11 {main}
REQUEST_URI=/index.php?r=user/index
HTTP_REFERER=http://test.yiiapp.com/index.php?r=employee/index
---
2014/09/13 23:23:10 [error] [exception.CHttpException.403] exception 'CHttpException' with message 'You are not authorized to perform this action.' in /Applications/MAMP/yii1.1/framework/web/auth/CAccessControlFilter.php:182
Stack trace:
#0 /Applications/MAMP/yii1.1/framework/web/auth/CAccessControlFilter.php(145): CAccessControlFilter->accessDenied(Object(CWebUser), 'You are not aut...')
#1 /Applications/MAMP/yii1.1/framework/web/filters/CFilter.php(38): CAccessControlFilter->preFilter(Object(CFilterChain))
#2 /Applications/MAMP/yii1.1/framework/web/CController.php(1145): CFilter->filter(Object(CFilterChain))
#3 /Applications/MAMP/yii1.1/framework/web/filters/CInlineFilter.php(58): CController->filterAccessControl(Object(CFilterChain))
#4 /Applications/MAMP/yii1.1/framework/web/filters/CFilterChain.php(130): CInlineFilter->filter(Object(CFilterChain))
#5 /Applications/MAMP/yii1.1/framework/web/CController.php(291): CFilterChain->run()
#6 /Applications/MAMP/yii1.1/framework/web/CController.php(265): CController->runActionWithFilters(Object(CInlineAction), Array)
#7 /Applications/MAMP/yii1.1/framework/web/CWebApplication.php(282): CController->run('index')
#8 /Applications/MAMP/yii1.1/framework/web/CWebApplication.php(141): CWebApplication->runController('user/index')
#9 /Applications/MAMP/yii1.1/framework/base/CApplication.php(180): CWebApplication->processRequest()
#10 /Applications/MAMP/htdocs/test.yiiapp.com/index.php(13): CApplication->run()
#11 {main}
REQUEST_URI=/index.php?r=user/index
HTTP_REFERER=http://test.yiiapp.com/index.php?r=employee/index
---
2014/09/13 23:23:12 [error] [exception.CHttpException.403] exception 'CHttpException' with message 'You are not authorized to perform this action.' in /Applications/MAMP/yii1.1/framework/web/auth/CAccessControlFilter.php:182
Stack trace:
#0 /Applications/MAMP/yii1.1/framework/web/auth/CAccessControlFilter.php(145): CAccessControlFilter->accessDenied(Object(CWebUser), 'You are not aut...')
#1 /Applications/MAMP/yii1.1/framework/web/filters/CFilter.php(38): CAccessControlFilter->preFilter(Object(CFilterChain))
#2 /Applications/MAMP/yii1.1/framework/web/CController.php(1145): CFilter->filter(Object(CFilterChain))
#3 /Applications/MAMP/yii1.1/framework/web/filters/CInlineFilter.php(58): CController->filterAccessControl(Object(CFilterChain))
#4 /Applications/MAMP/yii1.1/framework/web/filters/CFilterChain.php(130): CInlineFilter->filter(Object(CFilterChain))
#5 /Applications/MAMP/yii1.1/framework/web/CController.php(291): CFilterChain->run()
#6 /Applications/MAMP/yii1.1/framework/web/CController.php(265): CController->runActionWithFilters(Object(CInlineAction), Array)
#7 /Applications/MAMP/yii1.1/framework/web/CWebApplication.php(282): CController->run('index')
#8 /Applications/MAMP/yii1.1/framework/web/CWebApplication.php(141): CWebApplication->runController('user/index')
#9 /Applications/MAMP/yii1.1/framework/base/CApplication.php(180): CWebApplication->processRequest()
#10 /Applications/MAMP/htdocs/test.yiiapp.com/index.php(13): CApplication->run()
#11 {main}
REQUEST_URI=/index.php?r=user/index
HTTP_REFERER=http://test.yiiapp.com/index.php?r=employee/index
---
2014/09/13 23:23:15 [error] [exception.CHttpException.403] exception 'CHttpException' with message 'You are not authorized to perform this action.' in /Applications/MAMP/yii1.1/framework/web/auth/CAccessControlFilter.php:182
Stack trace:
#0 /Applications/MAMP/yii1.1/framework/web/auth/CAccessControlFilter.php(145): CAccessControlFilter->accessDenied(Object(CWebUser), 'You are not aut...')
#1 /Applications/MAMP/yii1.1/framework/web/filters/CFilter.php(38): CAccessControlFilter->preFilter(Object(CFilterChain))
#2 /Applications/MAMP/yii1.1/framework/web/CController.php(1145): CFilter->filter(Object(CFilterChain))
#3 /Applications/MAMP/yii1.1/framework/web/filters/CInlineFilter.php(58): CController->filterAccessControl(Object(CFilterChain))
#4 /Applications/MAMP/yii1.1/framework/web/filters/CFilterChain.php(130): CInlineFilter->filter(Object(CFilterChain))
#5 /Applications/MAMP/yii1.1/framework/web/CController.php(291): CFilterChain->run()
#6 /Applications/MAMP/yii1.1/framework/web/CController.php(265): CController->runActionWithFilters(Object(CInlineAction), Array)
#7 /Applications/MAMP/yii1.1/framework/web/CWebApplication.php(282): CController->run('index')
#8 /Applications/MAMP/yii1.1/framework/web/CWebApplication.php(141): CWebApplication->runController('user/index')
#9 /Applications/MAMP/yii1.1/framework/base/CApplication.php(180): CWebApplication->processRequest()
#10 /Applications/MAMP/htdocs/test.yiiapp.com/index.php(13): CApplication->run()
#11 {main}
REQUEST_URI=/index.php?r=user/index
HTTP_REFERER=http://test.yiiapp.com/index.php?r=employee/index
---
2014/09/13 23:23:56 [error] [exception.CHttpException.403] exception 'CHttpException' with message 'You are not authorized to perform this action.' in /Applications/MAMP/yii1.1/framework/web/auth/CAccessControlFilter.php:182
Stack trace:
#0 /Applications/MAMP/yii1.1/framework/web/auth/CAccessControlFilter.php(145): CAccessControlFilter->accessDenied(Object(CWebUser), 'You are not aut...')
#1 /Applications/MAMP/yii1.1/framework/web/filters/CFilter.php(38): CAccessControlFilter->preFilter(Object(CFilterChain))
#2 /Applications/MAMP/yii1.1/framework/web/CController.php(1145): CFilter->filter(Object(CFilterChain))
#3 /Applications/MAMP/yii1.1/framework/web/filters/CInlineFilter.php(58): CController->filterAccessControl(Object(CFilterChain))
#4 /Applications/MAMP/yii1.1/framework/web/filters/CFilterChain.php(130): CInlineFilter->filter(Object(CFilterChain))
#5 /Applications/MAMP/yii1.1/framework/web/CController.php(291): CFilterChain->run()
#6 /Applications/MAMP/yii1.1/framework/web/CController.php(265): CController->runActionWithFilters(Object(CInlineAction), Array)
#7 /Applications/MAMP/yii1.1/framework/web/CWebApplication.php(282): CController->run('index')
#8 /Applications/MAMP/yii1.1/framework/web/CWebApplication.php(141): CWebApplication->runController('user/index')
#9 /Applications/MAMP/yii1.1/framework/base/CApplication.php(180): CWebApplication->processRequest()
#10 /Applications/MAMP/htdocs/test.yiiapp.com/index.php(13): CApplication->run()
#11 {main}
REQUEST_URI=/index.php?r=user/index
HTTP_REFERER=http://test.yiiapp.com/index.php?r=employee/index
---
2014/09/13 23:23:58 [error] [exception.CHttpException.403] exception 'CHttpException' with message 'You are not authorized to perform this action.' in /Applications/MAMP/yii1.1/framework/web/auth/CAccessControlFilter.php:182
Stack trace:
#0 /Applications/MAMP/yii1.1/framework/web/auth/CAccessControlFilter.php(145): CAccessControlFilter->accessDenied(Object(CWebUser), 'You are not aut...')
#1 /Applications/MAMP/yii1.1/framework/web/filters/CFilter.php(38): CAccessControlFilter->preFilter(Object(CFilterChain))
#2 /Applications/MAMP/yii1.1/framework/web/CController.php(1145): CFilter->filter(Object(CFilterChain))
#3 /Applications/MAMP/yii1.1/framework/web/filters/CInlineFilter.php(58): CController->filterAccessControl(Object(CFilterChain))
#4 /Applications/MAMP/yii1.1/framework/web/filters/CFilterChain.php(130): CInlineFilter->filter(Object(CFilterChain))
#5 /Applications/MAMP/yii1.1/framework/web/CController.php(291): CFilterChain->run()
#6 /Applications/MAMP/yii1.1/framework/web/CController.php(265): CController->runActionWithFilters(Object(CInlineAction), Array)
#7 /Applications/MAMP/yii1.1/framework/web/CWebApplication.php(282): CController->run('index')
#8 /Applications/MAMP/yii1.1/framework/web/CWebApplication.php(141): CWebApplication->runController('user/index')
#9 /Applications/MAMP/yii1.1/framework/base/CApplication.php(180): CWebApplication->processRequest()
#10 /Applications/MAMP/htdocs/test.yiiapp.com/index.php(13): CApplication->run()
#11 {main}
REQUEST_URI=/index.php?r=user/index
HTTP_REFERER=http://test.yiiapp.com/index.php?r=employee/index
---
2014/09/13 23:24:02 [error] [exception.CHttpException.403] exception 'CHttpException' with message 'You are not authorized to perform this action.' in /Applications/MAMP/yii1.1/framework/web/auth/CAccessControlFilter.php:182
Stack trace:
#0 /Applications/MAMP/yii1.1/framework/web/auth/CAccessControlFilter.php(145): CAccessControlFilter->accessDenied(Object(CWebUser), 'You are not aut...')
#1 /Applications/MAMP/yii1.1/framework/web/filters/CFilter.php(38): CAccessControlFilter->preFilter(Object(CFilterChain))
#2 /Applications/MAMP/yii1.1/framework/web/CController.php(1145): CFilter->filter(Object(CFilterChain))
#3 /Applications/MAMP/yii1.1/framework/web/filters/CInlineFilter.php(58): CController->filterAccessControl(Object(CFilterChain))
#4 /Applications/MAMP/yii1.1/framework/web/filters/CFilterChain.php(130): CInlineFilter->filter(Object(CFilterChain))
#5 /Applications/MAMP/yii1.1/framework/web/CController.php(291): CFilterChain->run()
#6 /Applications/MAMP/yii1.1/framework/web/CController.php(265): CController->runActionWithFilters(Object(CInlineAction), Array)
#7 /Applications/MAMP/yii1.1/framework/web/CWebApplication.php(282): CController->run('index')
#8 /Applications/MAMP/yii1.1/framework/web/CWebApplication.php(141): CWebApplication->runController('user/index')
#9 /Applications/MAMP/yii1.1/framework/base/CApplication.php(180): CWebApplication->processRequest()
#10 /Applications/MAMP/htdocs/test.yiiapp.com/index.php(13): CApplication->run()
#11 {main}
REQUEST_URI=/index.php?r=user/index
HTTP_REFERER=http://test.yiiapp.com/index.php?r=employee/index
---
2014/09/13 23:24:04 [error] [exception.CHttpException.403] exception 'CHttpException' with message 'You are not authorized to perform this action.' in /Applications/MAMP/yii1.1/framework/web/auth/CAccessControlFilter.php:182
Stack trace:
#0 /Applications/MAMP/yii1.1/framework/web/auth/CAccessControlFilter.php(145): CAccessControlFilter->accessDenied(Object(CWebUser), 'You are not aut...')
#1 /Applications/MAMP/yii1.1/framework/web/filters/CFilter.php(38): CAccessControlFilter->preFilter(Object(CFilterChain))
#2 /Applications/MAMP/yii1.1/framework/web/CController.php(1145): CFilter->filter(Object(CFilterChain))
#3 /Applications/MAMP/yii1.1/framework/web/filters/CInlineFilter.php(58): CController->filterAccessControl(Object(CFilterChain))
#4 /Applications/MAMP/yii1.1/framework/web/filters/CFilterChain.php(130): CInlineFilter->filter(Object(CFilterChain))
#5 /Applications/MAMP/yii1.1/framework/web/CController.php(291): CFilterChain->run()
#6 /Applications/MAMP/yii1.1/framework/web/CController.php(265): CController->runActionWithFilters(Object(CInlineAction), Array)
#7 /Applications/MAMP/yii1.1/framework/web/CWebApplication.php(282): CController->run('index')
#8 /Applications/MAMP/yii1.1/framework/web/CWebApplication.php(141): CWebApplication->runController('user/index')
#9 /Applications/MAMP/yii1.1/framework/base/CApplication.php(180): CWebApplication->processRequest()
#10 /Applications/MAMP/htdocs/test.yiiapp.com/index.php(13): CApplication->run()
#11 {main}
REQUEST_URI=/index.php?r=user/index
HTTP_REFERER=http://test.yiiapp.com/index.php?r=employee/index
---
2014/09/13 23:24:05 [error] [exception.CHttpException.403] exception 'CHttpException' with message 'You are not authorized to perform this action.' in /Applications/MAMP/yii1.1/framework/web/auth/CAccessControlFilter.php:182
Stack trace:
#0 /Applications/MAMP/yii1.1/framework/web/auth/CAccessControlFilter.php(145): CAccessControlFilter->accessDenied(Object(CWebUser), 'You are not aut...')
#1 /Applications/MAMP/yii1.1/framework/web/filters/CFilter.php(38): CAccessControlFilter->preFilter(Object(CFilterChain))
#2 /Applications/MAMP/yii1.1/framework/web/CController.php(1145): CFilter->filter(Object(CFilterChain))
#3 /Applications/MAMP/yii1.1/framework/web/filters/CInlineFilter.php(58): CController->filterAccessControl(Object(CFilterChain))
#4 /Applications/MAMP/yii1.1/framework/web/filters/CFilterChain.php(130): CInlineFilter->filter(Object(CFilterChain))
#5 /Applications/MAMP/yii1.1/framework/web/CController.php(291): CFilterChain->run()
#6 /Applications/MAMP/yii1.1/framework/web/CController.php(265): CController->runActionWithFilters(Object(CInlineAction), Array)
#7 /Applications/MAMP/yii1.1/framework/web/CWebApplication.php(282): CController->run('index')
#8 /Applications/MAMP/yii1.1/framework/web/CWebApplication.php(141): CWebApplication->runController('user/index')
#9 /Applications/MAMP/yii1.1/framework/base/CApplication.php(180): CWebApplication->processRequest()
#10 /Applications/MAMP/htdocs/test.yiiapp.com/index.php(13): CApplication->run()
#11 {main}
REQUEST_URI=/index.php?r=user/index
HTTP_REFERER=http://test.yiiapp.com/index.php?r=user/index
---
2014/09/13 23:24:05 [error] [exception.CHttpException.403] exception 'CHttpException' with message 'You are not authorized to perform this action.' in /Applications/MAMP/yii1.1/framework/web/auth/CAccessControlFilter.php:182
Stack trace:
#0 /Applications/MAMP/yii1.1/framework/web/auth/CAccessControlFilter.php(145): CAccessControlFilter->accessDenied(Object(CWebUser), 'You are not aut...')
#1 /Applications/MAMP/yii1.1/framework/web/filters/CFilter.php(38): CAccessControlFilter->preFilter(Object(CFilterChain))
#2 /Applications/MAMP/yii1.1/framework/web/CController.php(1145): CFilter->filter(Object(CFilterChain))
#3 /Applications/MAMP/yii1.1/framework/web/filters/CInlineFilter.php(58): CController->filterAccessControl(Object(CFilterChain))
#4 /Applications/MAMP/yii1.1/framework/web/filters/CFilterChain.php(130): CInlineFilter->filter(Object(CFilterChain))
#5 /Applications/MAMP/yii1.1/framework/web/CController.php(291): CFilterChain->run()
#6 /Applications/MAMP/yii1.1/framework/web/CController.php(265): CController->runActionWithFilters(Object(CInlineAction), Array)
#7 /Applications/MAMP/yii1.1/framework/web/CWebApplication.php(282): CController->run('index')
#8 /Applications/MAMP/yii1.1/framework/web/CWebApplication.php(141): CWebApplication->runController('user/index')
#9 /Applications/MAMP/yii1.1/framework/base/CApplication.php(180): CWebApplication->processRequest()
#10 /Applications/MAMP/htdocs/test.yiiapp.com/index.php(13): CApplication->run()
#11 {main}
REQUEST_URI=/index.php?r=user/index
HTTP_REFERER=http://test.yiiapp.com/index.php?r=user/index
---
2014/09/13 23:24:06 [error] [exception.CHttpException.403] exception 'CHttpException' with message 'You are not authorized to perform this action.' in /Applications/MAMP/yii1.1/framework/web/auth/CAccessControlFilter.php:182
Stack trace:
#0 /Applications/MAMP/yii1.1/framework/web/auth/CAccessControlFilter.php(145): CAccessControlFilter->accessDenied(Object(CWebUser), 'You are not aut...')
#1 /Applications/MAMP/yii1.1/framework/web/filters/CFilter.php(38): CAccessControlFilter->preFilter(Object(CFilterChain))
#2 /Applications/MAMP/yii1.1/framework/web/CController.php(1145): CFilter->filter(Object(CFilterChain))
#3 /Applications/MAMP/yii1.1/framework/web/filters/CInlineFilter.php(58): CController->filterAccessControl(Object(CFilterChain))
#4 /Applications/MAMP/yii1.1/framework/web/filters/CFilterChain.php(130): CInlineFilter->filter(Object(CFilterChain))
#5 /Applications/MAMP/yii1.1/framework/web/CController.php(291): CFilterChain->run()
#6 /Applications/MAMP/yii1.1/framework/web/CController.php(265): CController->runActionWithFilters(Object(CInlineAction), Array)
#7 /Applications/MAMP/yii1.1/framework/web/CWebApplication.php(282): CController->run('index')
#8 /Applications/MAMP/yii1.1/framework/web/CWebApplication.php(141): CWebApplication->runController('user/index')
#9 /Applications/MAMP/yii1.1/framework/base/CApplication.php(180): CWebApplication->processRequest()
#10 /Applications/MAMP/htdocs/test.yiiapp.com/index.php(13): CApplication->run()
#11 {main}
REQUEST_URI=/index.php?r=user/index
HTTP_REFERER=http://test.yiiapp.com/index.php?r=user/index
---
2014/09/13 23:24:49 [error] [exception.CHttpException.403] exception 'CHttpException' with message 'You are not authorized to perform this action.' in /Applications/MAMP/yii1.1/framework/web/auth/CAccessControlFilter.php:182
Stack trace:
#0 /Applications/MAMP/yii1.1/framework/web/auth/CAccessControlFilter.php(145): CAccessControlFilter->accessDenied(Object(CWebUser), 'You are not aut...')
#1 /Applications/MAMP/yii1.1/framework/web/filters/CFilter.php(38): CAccessControlFilter->preFilter(Object(CFilterChain))
#2 /Applications/MAMP/yii1.1/framework/web/CController.php(1145): CFilter->filter(Object(CFilterChain))
#3 /Applications/MAMP/yii1.1/framework/web/filters/CInlineFilter.php(58): CController->filterAccessControl(Object(CFilterChain))
#4 /Applications/MAMP/yii1.1/framework/web/filters/CFilterChain.php(130): CInlineFilter->filter(Object(CFilterChain))
#5 /Applications/MAMP/yii1.1/framework/web/CController.php(291): CFilterChain->run()
#6 /Applications/MAMP/yii1.1/framework/web/CController.php(265): CController->runActionWithFilters(Object(CInlineAction), Array)
#7 /Applications/MAMP/yii1.1/framework/web/CWebApplication.php(282): CController->run('index')
#8 /Applications/MAMP/yii1.1/framework/web/CWebApplication.php(141): CWebApplication->runController('user/index')
#9 /Applications/MAMP/yii1.1/framework/base/CApplication.php(180): CWebApplication->processRequest()
#10 /Applications/MAMP/htdocs/test.yiiapp.com/index.php(13): CApplication->run()
#11 {main}
REQUEST_URI=/index.php?r=user/index
HTTP_REFERER=http://test.yiiapp.com/index.php?r=user/index
---
2014/09/13 23:24:50 [error] [exception.CHttpException.403] exception 'CHttpException' with message 'You are not authorized to perform this action.' in /Applications/MAMP/yii1.1/framework/web/auth/CAccessControlFilter.php:182
Stack trace:
#0 /Applications/MAMP/yii1.1/framework/web/auth/CAccessControlFilter.php(145): CAccessControlFilter->accessDenied(Object(CWebUser), 'You are not aut...')
#1 /Applications/MAMP/yii1.1/framework/web/filters/CFilter.php(38): CAccessControlFilter->preFilter(Object(CFilterChain))
#2 /Applications/MAMP/yii1.1/framework/web/CController.php(1145): CFilter->filter(Object(CFilterChain))
#3 /Applications/MAMP/yii1.1/framework/web/filters/CInlineFilter.php(58): CController->filterAccessControl(Object(CFilterChain))
#4 /Applications/MAMP/yii1.1/framework/web/filters/CFilterChain.php(130): CInlineFilter->filter(Object(CFilterChain))
#5 /Applications/MAMP/yii1.1/framework/web/CController.php(291): CFilterChain->run()
#6 /Applications/MAMP/yii1.1/framework/web/CController.php(265): CController->runActionWithFilters(Object(CInlineAction), Array)
#7 /Applications/MAMP/yii1.1/framework/web/CWebApplication.php(282): CController->run('index')
#8 /Applications/MAMP/yii1.1/framework/web/CWebApplication.php(141): CWebApplication->runController('user/index')
#9 /Applications/MAMP/yii1.1/framework/base/CApplication.php(180): CWebApplication->processRequest()
#10 /Applications/MAMP/htdocs/test.yiiapp.com/index.php(13): CApplication->run()
#11 {main}
REQUEST_URI=/index.php?r=user/index
HTTP_REFERER=http://test.yiiapp.com/index.php?r=user/index
---
2014/09/13 23:24:50 [error] [exception.CHttpException.403] exception 'CHttpException' with message 'You are not authorized to perform this action.' in /Applications/MAMP/yii1.1/framework/web/auth/CAccessControlFilter.php:182
Stack trace:
#0 /Applications/MAMP/yii1.1/framework/web/auth/CAccessControlFilter.php(145): CAccessControlFilter->accessDenied(Object(CWebUser), 'You are not aut...')
#1 /Applications/MAMP/yii1.1/framework/web/filters/CFilter.php(38): CAccessControlFilter->preFilter(Object(CFilterChain))
#2 /Applications/MAMP/yii1.1/framework/web/CController.php(1145): CFilter->filter(Object(CFilterChain))
#3 /Applications/MAMP/yii1.1/framework/web/filters/CInlineFilter.php(58): CController->filterAccessControl(Object(CFilterChain))
#4 /Applications/MAMP/yii1.1/framework/web/filters/CFilterChain.php(130): CInlineFilter->filter(Object(CFilterChain))
#5 /Applications/MAMP/yii1.1/framework/web/CController.php(291): CFilterChain->run()
#6 /Applications/MAMP/yii1.1/framework/web/CController.php(265): CController->runActionWithFilters(Object(CInlineAction), Array)
#7 /Applications/MAMP/yii1.1/framework/web/CWebApplication.php(282): CController->run('index')
#8 /Applications/MAMP/yii1.1/framework/web/CWebApplication.php(141): CWebApplication->runController('user/index')
#9 /Applications/MAMP/yii1.1/framework/base/CApplication.php(180): CWebApplication->processRequest()
#10 /Applications/MAMP/htdocs/test.yiiapp.com/index.php(13): CApplication->run()
#11 {main}
REQUEST_URI=/index.php?r=user/index
HTTP_REFERER=http://test.yiiapp.com/index.php?r=user/index
---
2014/09/13 23:24:50 [error] [exception.CHttpException.403] exception 'CHttpException' with message 'You are not authorized to perform this action.' in /Applications/MAMP/yii1.1/framework/web/auth/CAccessControlFilter.php:182
Stack trace:
#0 /Applications/MAMP/yii1.1/framework/web/auth/CAccessControlFilter.php(145): CAccessControlFilter->accessDenied(Object(CWebUser), 'You are not aut...')
#1 /Applications/MAMP/yii1.1/framework/web/filters/CFilter.php(38): CAccessControlFilter->preFilter(Object(CFilterChain))
#2 /Applications/MAMP/yii1.1/framework/web/CController.php(1145): CFilter->filter(Object(CFilterChain))
#3 /Applications/MAMP/yii1.1/framework/web/filters/CInlineFilter.php(58): CController->filterAccessControl(Object(CFilterChain))
#4 /Applications/MAMP/yii1.1/framework/web/filters/CFilterChain.php(130): CInlineFilter->filter(Object(CFilterChain))
#5 /Applications/MAMP/yii1.1/framework/web/CController.php(291): CFilterChain->run()
#6 /Applications/MAMP/yii1.1/framework/web/CController.php(265): CController->runActionWithFilters(Object(CInlineAction), Array)
#7 /Applications/MAMP/yii1.1/framework/web/CWebApplication.php(282): CController->run('index')
#8 /Applications/MAMP/yii1.1/framework/web/CWebApplication.php(141): CWebApplication->runController('user/index')
#9 /Applications/MAMP/yii1.1/framework/base/CApplication.php(180): CWebApplication->processRequest()
#10 /Applications/MAMP/htdocs/test.yiiapp.com/index.php(13): CApplication->run()
#11 {main}
REQUEST_URI=/index.php?r=user/index
HTTP_REFERER=http://test.yiiapp.com/index.php?r=user/index
---
2014/09/13 23:24:50 [error] [exception.CHttpException.403] exception 'CHttpException' with message 'You are not authorized to perform this action.' in /Applications/MAMP/yii1.1/framework/web/auth/CAccessControlFilter.php:182
Stack trace:
#0 /Applications/MAMP/yii1.1/framework/web/auth/CAccessControlFilter.php(145): CAccessControlFilter->accessDenied(Object(CWebUser), 'You are not aut...')
#1 /Applications/MAMP/yii1.1/framework/web/filters/CFilter.php(38): CAccessControlFilter->preFilter(Object(CFilterChain))
#2 /Applications/MAMP/yii1.1/framework/web/CController.php(1145): CFilter->filter(Object(CFilterChain))
#3 /Applications/MAMP/yii1.1/framework/web/filters/CInlineFilter.php(58): CController->filterAccessControl(Object(CFilterChain))
#4 /Applications/MAMP/yii1.1/framework/web/filters/CFilterChain.php(130): CInlineFilter->filter(Object(CFilterChain))
#5 /Applications/MAMP/yii1.1/framework/web/CController.php(291): CFilterChain->run()
#6 /Applications/MAMP/yii1.1/framework/web/CController.php(265): CController->runActionWithFilters(Object(CInlineAction), Array)
#7 /Applications/MAMP/yii1.1/framework/web/CWebApplication.php(282): CController->run('index')
#8 /Applications/MAMP/yii1.1/framework/web/CWebApplication.php(141): CWebApplication->runController('user/index')
#9 /Applications/MAMP/yii1.1/framework/base/CApplication.php(180): CWebApplication->processRequest()
#10 /Applications/MAMP/htdocs/test.yiiapp.com/index.php(13): CApplication->run()
#11 {main}
REQUEST_URI=/index.php?r=user/index
HTTP_REFERER=http://test.yiiapp.com/index.php?r=user/index
---
2014/09/13 23:24:50 [error] [exception.CHttpException.403] exception 'CHttpException' with message 'You are not authorized to perform this action.' in /Applications/MAMP/yii1.1/framework/web/auth/CAccessControlFilter.php:182
Stack trace:
#0 /Applications/MAMP/yii1.1/framework/web/auth/CAccessControlFilter.php(145): CAccessControlFilter->accessDenied(Object(CWebUser), 'You are not aut...')
#1 /Applications/MAMP/yii1.1/framework/web/filters/CFilter.php(38): CAccessControlFilter->preFilter(Object(CFilterChain))
#2 /Applications/MAMP/yii1.1/framework/web/CController.php(1145): CFilter->filter(Object(CFilterChain))
#3 /Applications/MAMP/yii1.1/framework/web/filters/CInlineFilter.php(58): CController->filterAccessControl(Object(CFilterChain))
#4 /Applications/MAMP/yii1.1/framework/web/filters/CFilterChain.php(130): CInlineFilter->filter(Object(CFilterChain))
#5 /Applications/MAMP/yii1.1/framework/web/CController.php(291): CFilterChain->run()
#6 /Applications/MAMP/yii1.1/framework/web/CController.php(265): CController->runActionWithFilters(Object(CInlineAction), Array)
#7 /Applications/MAMP/yii1.1/framework/web/CWebApplication.php(282): CController->run('index')
#8 /Applications/MAMP/yii1.1/framework/web/CWebApplication.php(141): CWebApplication->runController('user/index')
#9 /Applications/MAMP/yii1.1/framework/base/CApplication.php(180): CWebApplication->processRequest()
#10 /Applications/MAMP/htdocs/test.yiiapp.com/index.php(13): CApplication->run()
#11 {main}
REQUEST_URI=/index.php?r=user/index
HTTP_REFERER=http://test.yiiapp.com/index.php?r=user/index
---
2014/09/13 23:24:51 [error] [exception.CHttpException.403] exception 'CHttpException' with message 'You are not authorized to perform this action.' in /Applications/MAMP/yii1.1/framework/web/auth/CAccessControlFilter.php:182
Stack trace:
#0 /Applications/MAMP/yii1.1/framework/web/auth/CAccessControlFilter.php(145): CAccessControlFilter->accessDenied(Object(CWebUser), 'You are not aut...')
#1 /Applications/MAMP/yii1.1/framework/web/filters/CFilter.php(38): CAccessControlFilter->preFilter(Object(CFilterChain))
#2 /Applications/MAMP/yii1.1/framework/web/CController.php(1145): CFilter->filter(Object(CFilterChain))
#3 /Applications/MAMP/yii1.1/framework/web/filters/CInlineFilter.php(58): CController->filterAccessControl(Object(CFilterChain))
#4 /Applications/MAMP/yii1.1/framework/web/filters/CFilterChain.php(130): CInlineFilter->filter(Object(CFilterChain))
#5 /Applications/MAMP/yii1.1/framework/web/CController.php(291): CFilterChain->run()
#6 /Applications/MAMP/yii1.1/framework/web/CController.php(265): CController->runActionWithFilters(Object(CInlineAction), Array)
#7 /Applications/MAMP/yii1.1/framework/web/CWebApplication.php(282): CController->run('index')
#8 /Applications/MAMP/yii1.1/framework/web/CWebApplication.php(141): CWebApplication->runController('user/index')
#9 /Applications/MAMP/yii1.1/framework/base/CApplication.php(180): CWebApplication->processRequest()
#10 /Applications/MAMP/htdocs/test.yiiapp.com/index.php(13): CApplication->run()
#11 {main}
REQUEST_URI=/index.php?r=user/index
HTTP_REFERER=http://test.yiiapp.com/index.php?r=user/index
---
2014/09/13 23:26:38 [error] [exception.CHttpException.403] exception 'CHttpException' with message 'You are not authorized to perform this action.' in /Applications/MAMP/yii1.1/framework/web/auth/CAccessControlFilter.php:182
Stack trace:
#0 /Applications/MAMP/yii1.1/framework/web/auth/CAccessControlFilter.php(145): CAccessControlFilter->accessDenied(Object(CWebUser), 'You are not aut...')
#1 /Applications/MAMP/yii1.1/framework/web/filters/CFilter.php(38): CAccessControlFilter->preFilter(Object(CFilterChain))
#2 /Applications/MAMP/yii1.1/framework/web/CController.php(1145): CFilter->filter(Object(CFilterChain))
#3 /Applications/MAMP/yii1.1/framework/web/filters/CInlineFilter.php(58): CController->filterAccessControl(Object(CFilterChain))
#4 /Applications/MAMP/yii1.1/framework/web/filters/CFilterChain.php(130): CInlineFilter->filter(Object(CFilterChain))
#5 /Applications/MAMP/yii1.1/framework/web/CController.php(291): CFilterChain->run()
#6 /Applications/MAMP/yii1.1/framework/web/CController.php(265): CController->runActionWithFilters(Object(CInlineAction), Array)
#7 /Applications/MAMP/yii1.1/framework/web/CWebApplication.php(282): CController->run('admin')
#8 /Applications/MAMP/yii1.1/framework/web/CWebApplication.php(141): CWebApplication->runController('user/admin')
#9 /Applications/MAMP/yii1.1/framework/base/CApplication.php(180): CWebApplication->processRequest()
#10 /Applications/MAMP/htdocs/test.yiiapp.com/index.php(13): CApplication->run()
#11 {main}
REQUEST_URI=/index.php?r=user/admin
HTTP_REFERER=http://test.yiiapp.com/index.php?r=user/index
---
2014/09/14 20:59:08 [error] [php] htmlspecialchars() expects parameter 1 to be string, object given (/Applications/MAMP/yii1.1/framework/web/helpers/CHtml.php:103)
Stack trace:
#0 /Applications/MAMP/yii1.1/framework/utils/CFormatter.php(128): CFormatter->formatText()
#1 /Applications/MAMP/yii1.1/framework/zii/widgets/CDetailView.php(218): CFormatter->format()
#2 /Applications/MAMP/yii1.1/framework/web/CBaseController.php(173): CDetailView->run()
#3 /Applications/MAMP/htdocs/test.yiiapp.com/protected/views/employee/view.php(33): EmployeeController->widget()
#4 /Applications/MAMP/yii1.1/framework/web/CBaseController.php(126): require()
#5 /Applications/MAMP/yii1.1/framework/web/CBaseController.php(95): EmployeeController->renderInternal()
#6 /Applications/MAMP/yii1.1/framework/web/CController.php(869): EmployeeController->renderFile()
#7 /Applications/MAMP/yii1.1/framework/web/CController.php(782): EmployeeController->renderPartial()
#8 /Applications/MAMP/htdocs/test.yiiapp.com/protected/controllers/EmployeeController.php(56): EmployeeController->render()
#9 unknown(0): EmployeeController->actionView()
#10 /Applications/MAMP/yii1.1/framework/web/actions/CAction.php(108): ReflectionMethod->invokeArgs()
#11 /Applications/MAMP/yii1.1/framework/web/actions/CInlineAction.php(47): CInlineAction->runWithParamsInternal()
#12 /Applications/MAMP/yii1.1/framework/web/CController.php(308): CInlineAction->runWithParams()
#13 /Applications/MAMP/yii1.1/framework/web/filters/CFilterChain.php(133): EmployeeController->runAction()
#14 /Applications/MAMP/yii1.1/framework/web/filters/CFilter.php(40): CFilterChain->run()
#15 /Applications/MAMP/yii1.1/framework/web/CController.php(1145): CAccessControlFilter->filter()
#16 /Applications/MAMP/yii1.1/framework/web/filters/CInlineFilter.php(58): EmployeeController->filterAccessControl()
#17 /Applications/MAMP/yii1.1/framework/web/filters/CFilterChain.php(130): CInlineFilter->filter()
#18 /Applications/MAMP/yii1.1/framework/web/CController.php(291): CFilterChain->run()
#19 /Applications/MAMP/yii1.1/framework/web/CController.php(265): EmployeeController->runActionWithFilters()
#20 /Applications/MAMP/yii1.1/framework/web/CWebApplication.php(282): EmployeeController->run()
#21 /Applications/MAMP/yii1.1/framework/web/CWebApplication.php(141): CWebApplication->runController()
#22 /Applications/MAMP/yii1.1/framework/base/CApplication.php(180): CWebApplication->processRequest()
#23 /Applications/MAMP/htdocs/test.yiiapp.com/index.php(13): CWebApplication->run()
REQUEST_URI=/index.php?r=employee/view&id=1
in /Applications/MAMP/htdocs/test.yiiapp.com/protected/views/employee/view.php (33)
in /Applications/MAMP/htdocs/test.yiiapp.com/protected/controllers/EmployeeController.php (56)
in /Applications/MAMP/htdocs/test.yiiapp.com/index.php (13)
2014/09/14 21:45:16 [error] [exception.CHttpException.403] exception 'CHttpException' with message 'You are not authorized to perform this action.' in /Applications/MAMP/yii1.1/framework/web/auth/CAccessControlFilter.php:182
Stack trace:
#0 /Applications/MAMP/yii1.1/framework/web/auth/CAccessControlFilter.php(145): CAccessControlFilter->accessDenied(Object(CWebUser), 'You are not aut...')
#1 /Applications/MAMP/yii1.1/framework/web/filters/CFilter.php(38): CAccessControlFilter->preFilter(Object(CFilterChain))
#2 /Applications/MAMP/yii1.1/framework/web/CController.php(1145): CFilter->filter(Object(CFilterChain))
#3 /Applications/MAMP/yii1.1/framework/web/filters/CInlineFilter.php(58): CController->filterAccessControl(Object(CFilterChain))
#4 /Applications/MAMP/yii1.1/framework/web/filters/CFilterChain.php(130): CInlineFilter->filter(Object(CFilterChain))
#5 /Applications/MAMP/yii1.1/framework/web/CController.php(291): CFilterChain->run()
#6 /Applications/MAMP/yii1.1/framework/web/CController.php(265): CController->runActionWithFilters(Object(CInlineAction), Array)
#7 /Applications/MAMP/yii1.1/framework/web/CWebApplication.php(282): CController->run('PreviewEmployee')
#8 /Applications/MAMP/yii1.1/framework/web/CWebApplication.php(141): CWebApplication->runController('employee/Previe...')
#9 /Applications/MAMP/yii1.1/framework/base/CApplication.php(180): CWebApplication->processRequest()
#10 /Applications/MAMP/htdocs/test.yiiapp.com/index.php(13): CApplication->run()
#11 {main}
REQUEST_URI=/index.php?r=employee/PreviewEmployee
---
2014/09/14 21:45:48 [error] [exception.CHttpException.403] exception 'CHttpException' with message 'You are not authorized to perform this action.' in /Applications/MAMP/yii1.1/framework/web/auth/CAccessControlFilter.php:182
Stack trace:
#0 /Applications/MAMP/yii1.1/framework/web/auth/CAccessControlFilter.php(145): CAccessControlFilter->accessDenied(Object(CWebUser), 'You are not aut...')
#1 /Applications/MAMP/yii1.1/framework/web/filters/CFilter.php(38): CAccessControlFilter->preFilter(Object(CFilterChain))
#2 /Applications/MAMP/yii1.1/framework/web/CController.php(1145): CFilter->filter(Object(CFilterChain))
#3 /Applications/MAMP/yii1.1/framework/web/filters/CInlineFilter.php(58): CController->filterAccessControl(Object(CFilterChain))
#4 /Applications/MAMP/yii1.1/framework/web/filters/CFilterChain.php(130): CInlineFilter->filter(Object(CFilterChain))
#5 /Applications/MAMP/yii1.1/framework/web/CController.php(291): CFilterChain->run()
#6 /Applications/MAMP/yii1.1/framework/web/CController.php(265): CController->runActionWithFilters(Object(CInlineAction), Array)
#7 /Applications/MAMP/yii1.1/framework/web/CWebApplication.php(282): CController->run('PreviewEmployee')
#8 /Applications/MAMP/yii1.1/framework/web/CWebApplication.php(141): CWebApplication->runController('employee/Previe...')
#9 /Applications/MAMP/yii1.1/framework/base/CApplication.php(180): CWebApplication->processRequest()
#10 /Applications/MAMP/htdocs/test.yiiapp.com/index.php(13): CApplication->run()
#11 {main}
REQUEST_URI=/index.php?r=employee/PreviewEmployee
---
2014/09/14 21:45:55 [error] [exception.CHttpException.403] exception 'CHttpException' with message 'You are not authorized to perform this action.' in /Applications/MAMP/yii1.1/framework/web/auth/CAccessControlFilter.php:182
Stack trace:
#0 /Applications/MAMP/yii1.1/framework/web/auth/CAccessControlFilter.php(145): CAccessControlFilter->accessDenied(Object(CWebUser), 'You are not aut...')
#1 /Applications/MAMP/yii1.1/framework/web/filters/CFilter.php(38): CAccessControlFilter->preFilter(Object(CFilterChain))
#2 /Applications/MAMP/yii1.1/framework/web/CController.php(1145): CFilter->filter(Object(CFilterChain))
#3 /Applications/MAMP/yii1.1/framework/web/filters/CInlineFilter.php(58): CController->filterAccessControl(Object(CFilterChain))
#4 /Applications/MAMP/yii1.1/framework/web/filters/CFilterChain.php(130): CInlineFilter->filter(Object(CFilterChain))
#5 /Applications/MAMP/yii1.1/framework/web/CController.php(291): CFilterChain->run()
#6 /Applications/MAMP/yii1.1/framework/web/CController.php(265): CController->runActionWithFilters(Object(CInlineAction), Array)
#7 /Applications/MAMP/yii1.1/framework/web/CWebApplication.php(282): CController->run('PreviewEmployee')
#8 /Applications/MAMP/yii1.1/framework/web/CWebApplication.php(141): CWebApplication->runController('employee/Previe...')
#9 /Applications/MAMP/yii1.1/framework/base/CApplication.php(180): CWebApplication->processRequest()
#10 /Applications/MAMP/htdocs/test.yiiapp.com/index.php(13): CApplication->run()
#11 {main}
REQUEST_URI=/index.php?r=employee/PreviewEmployee
---
2014/09/14 21:46:25 [error] [exception.CHttpException.400] exception 'CHttpException' with message 'Your request is invalid.' in /Applications/MAMP/yii1.1/framework/web/CController.php:336
Stack trace:
#0 /Applications/MAMP/yii1.1/framework/web/CController.php(309): CController->invalidActionParams(Object(CInlineAction))
#1 /Applications/MAMP/yii1.1/framework/web/filters/CFilterChain.php(133): CController->runAction(Object(CInlineAction))
#2 /Applications/MAMP/yii1.1/framework/web/filters/CFilter.php(40): CFilterChain->run()
#3 /Applications/MAMP/yii1.1/framework/web/CController.php(1145): CFilter->filter(Object(CFilterChain))
#4 /Applications/MAMP/yii1.1/framework/web/filters/CInlineFilter.php(58): CController->filterAccessControl(Object(CFilterChain))
#5 /Applications/MAMP/yii1.1/framework/web/filters/CFilterChain.php(130): CInlineFilter->filter(Object(CFilterChain))
#6 /Applications/MAMP/yii1.1/framework/web/CController.php(291): CFilterChain->run()
#7 /Applications/MAMP/yii1.1/framework/web/CController.php(265): CController->runActionWithFilters(Object(CInlineAction), Array)
#8 /Applications/MAMP/yii1.1/framework/web/CWebApplication.php(282): CController->run('PreviewEmployee')
#9 /Applications/MAMP/yii1.1/framework/web/CWebApplication.php(141): CWebApplication->runController('employee/Previe...')
#10 /Applications/MAMP/yii1.1/framework/base/CApplication.php(180): CWebApplication->processRequest()
#11 /Applications/MAMP/htdocs/test.yiiapp.com/index.php(13): CApplication->run()
#12 {main}
REQUEST_URI=/index.php?r=employee/PreviewEmployee
---
2014/09/14 21:47:20 [error] [exception.CHttpException.400] exception 'CHttpException' with message 'Your request is invalid.' in /Applications/MAMP/yii1.1/framework/web/CController.php:336
Stack trace:
#0 /Applications/MAMP/yii1.1/framework/web/CController.php(309): CController->invalidActionParams(Object(CInlineAction))
#1 /Applications/MAMP/yii1.1/framework/web/filters/CFilterChain.php(133): CController->runAction(Object(CInlineAction))
#2 /Applications/MAMP/yii1.1/framework/web/filters/CFilter.php(40): CFilterChain->run()
#3 /Applications/MAMP/yii1.1/framework/web/CController.php(1145): CFilter->filter(Object(CFilterChain))
#4 /Applications/MAMP/yii1.1/framework/web/filters/CInlineFilter.php(58): CController->filterAccessControl(Object(CFilterChain))
#5 /Applications/MAMP/yii1.1/framework/web/filters/CFilterChain.php(130): CInlineFilter->filter(Object(CFilterChain))
#6 /Applications/MAMP/yii1.1/framework/web/CController.php(291): CFilterChain->run()
#7 /Applications/MAMP/yii1.1/framework/web/CController.php(265): CController->runActionWithFilters(Object(CInlineAction), Array)
#8 /Applications/MAMP/yii1.1/framework/web/CWebApplication.php(282): CController->run('PreviewEmployee')
#9 /Applications/MAMP/yii1.1/framework/web/CWebApplication.php(141): CWebApplication->runController('employee/Previe...')
#10 /Applications/MAMP/yii1.1/framework/base/CApplication.php(180): CWebApplication->processRequest()
#11 /Applications/MAMP/htdocs/test.yiiapp.com/index.php(13): CApplication->run()
#12 {main}
REQUEST_URI=/index.php?r=employee/PreviewEmployee
---
2014/09/14 21:47:26 [error] [exception.CHttpException.400] exception 'CHttpException' with message 'Your request is invalid.' in /Applications/MAMP/yii1.1/framework/web/CController.php:336
Stack trace:
#0 /Applications/MAMP/yii1.1/framework/web/CController.php(309): CController->invalidActionParams(Object(CInlineAction))
#1 /Applications/MAMP/yii1.1/framework/web/filters/CFilterChain.php(133): CController->runAction(Object(CInlineAction))
#2 /Applications/MAMP/yii1.1/framework/web/filters/CFilter.php(40): CFilterChain->run()
#3 /Applications/MAMP/yii1.1/framework/web/CController.php(1145): CFilter->filter(Object(CFilterChain))
#4 /Applications/MAMP/yii1.1/framework/web/filters/CInlineFilter.php(58): CController->filterAccessControl(Object(CFilterChain))
#5 /Applications/MAMP/yii1.1/framework/web/filters/CFilterChain.php(130): CInlineFilter->filter(Object(CFilterChain))
#6 /Applications/MAMP/yii1.1/framework/web/CController.php(291): CFilterChain->run()
#7 /Applications/MAMP/yii1.1/framework/web/CController.php(265): CController->runActionWithFilters(Object(CInlineAction), Array)
#8 /Applications/MAMP/yii1.1/framework/web/CWebApplication.php(282): CController->run('PreviewEmployee')
#9 /Applications/MAMP/yii1.1/framework/web/CWebApplication.php(141): CWebApplication->runController('employee/Previe...')
#10 /Applications/MAMP/yii1.1/framework/base/CApplication.php(180): CWebApplication->processRequest()
#11 /Applications/MAMP/htdocs/test.yiiapp.com/index.php(13): CApplication->run()
#12 {main}
REQUEST_URI=/index.php?r=employee/PreviewEmployee
---
2014/09/14 21:48:34 [error] [exception.CHttpException.400] exception 'CHttpException' with message 'Your request is invalid.' in /Applications/MAMP/yii1.1/framework/web/CController.php:336
Stack trace:
#0 /Applications/MAMP/yii1.1/framework/web/CController.php(309): CController->invalidActionParams(Object(CInlineAction))
#1 /Applications/MAMP/yii1.1/framework/web/filters/CFilterChain.php(133): CController->runAction(Object(CInlineAction))
#2 /Applications/MAMP/yii1.1/framework/web/filters/CFilter.php(40): CFilterChain->run()
#3 /Applications/MAMP/yii1.1/framework/web/CController.php(1145): CFilter->filter(Object(CFilterChain))
#4 /Applications/MAMP/yii1.1/framework/web/filters/CInlineFilter.php(58): CController->filterAccessControl(Object(CFilterChain))
#5 /Applications/MAMP/yii1.1/framework/web/filters/CFilterChain.php(130): CInlineFilter->filter(Object(CFilterChain))
#6 /Applications/MAMP/yii1.1/framework/web/CController.php(291): CFilterChain->run()
#7 /Applications/MAMP/yii1.1/framework/web/CController.php(265): CController->runActionWithFilters(Object(CInlineAction), Array)
#8 /Applications/MAMP/yii1.1/framework/web/CWebApplication.php(282): CController->run('PreviewEmployee')
#9 /Applications/MAMP/yii1.1/framework/web/CWebApplication.php(141): CWebApplication->runController('employee/Previe...')
#10 /Applications/MAMP/yii1.1/framework/base/CApplication.php(180): CWebApplication->processRequest()
#11 /Applications/MAMP/htdocs/test.yiiapp.com/index.php(13): CApplication->run()
#12 {main}
REQUEST_URI=/index.php?r=employee/PreviewEmployee
---
2014/09/14 21:48:53 [error] [exception.CHttpException.400] exception 'CHttpException' with message 'Your request is invalid.' in /Applications/MAMP/yii1.1/framework/web/CController.php:336
Stack trace:
#0 /Applications/MAMP/yii1.1/framework/web/CController.php(309): CController->invalidActionParams(Object(CInlineAction))
#1 /Applications/MAMP/yii1.1/framework/web/filters/CFilterChain.php(133): CController->runAction(Object(CInlineAction))
#2 /Applications/MAMP/yii1.1/framework/web/filters/CFilter.php(40): CFilterChain->run()
#3 /Applications/MAMP/yii1.1/framework/web/CController.php(1145): CFilter->filter(Object(CFilterChain))
#4 /Applications/MAMP/yii1.1/framework/web/filters/CInlineFilter.php(58): CController->filterAccessControl(Object(CFilterChain))
#5 /Applications/MAMP/yii1.1/framework/web/filters/CFilterChain.php(130): CInlineFilter->filter(Object(CFilterChain))
#6 /Applications/MAMP/yii1.1/framework/web/CController.php(291): CFilterChain->run()
#7 /Applications/MAMP/yii1.1/framework/web/CController.php(265): CController->runActionWithFilters(Object(CInlineAction), Array)
#8 /Applications/MAMP/yii1.1/framework/web/CWebApplication.php(282): CController->run('PreviewEmployee')
#9 /Applications/MAMP/yii1.1/framework/web/CWebApplication.php(141): CWebApplication->runController('employee/Previe...')
#10 /Applications/MAMP/yii1.1/framework/base/CApplication.php(180): CWebApplication->processRequest()
#11 /Applications/MAMP/htdocs/test.yiiapp.com/index.php(13): CApplication->run()
#12 {main}
REQUEST_URI=/index.php?r=employee/PreviewEmployee
---
2014/09/14 21:49:55 [error] [exception.CHttpException.400] exception 'CHttpException' with message 'Your request is invalid.' in /Applications/MAMP/yii1.1/framework/web/CController.php:336
Stack trace:
#0 /Applications/MAMP/yii1.1/framework/web/CController.php(309): CController->invalidActionParams(Object(CInlineAction))
#1 /Applications/MAMP/yii1.1/framework/web/filters/CFilterChain.php(133): CController->runAction(Object(CInlineAction))
#2 /Applications/MAMP/yii1.1/framework/web/filters/CFilter.php(40): CFilterChain->run()
#3 /Applications/MAMP/yii1.1/framework/web/CController.php(1145): CFilter->filter(Object(CFilterChain))
#4 /Applications/MAMP/yii1.1/framework/web/filters/CInlineFilter.php(58): CController->filterAccessControl(Object(CFilterChain))
#5 /Applications/MAMP/yii1.1/framework/web/filters/CFilterChain.php(130): CInlineFilter->filter(Object(CFilterChain))
#6 /Applications/MAMP/yii1.1/framework/web/CController.php(291): CFilterChain->run()
#7 /Applications/MAMP/yii1.1/framework/web/CController.php(265): CController->runActionWithFilters(Object(CInlineAction), Array)
#8 /Applications/MAMP/yii1.1/framework/web/CWebApplication.php(282): CController->run('PreviewEmployee')
#9 /Applications/MAMP/yii1.1/framework/web/CWebApplication.php(141): CWebApplication->runController('employee/Previe...')
#10 /Applications/MAMP/yii1.1/framework/base/CApplication.php(180): CWebApplication->processRequest()
#11 /Applications/MAMP/htdocs/test.yiiapp.com/index.php(13): CApplication->run()
#12 {main}
REQUEST_URI=/index.php?r=employee/PreviewEmployee
---
2014/09/14 21:50:00 [error] [exception.CHttpException.400] exception 'CHttpException' with message 'Your request is invalid.' in /Applications/MAMP/yii1.1/framework/web/CController.php:336
Stack trace:
#0 /Applications/MAMP/yii1.1/framework/web/CController.php(309): CController->invalidActionParams(Object(CInlineAction))
#1 /Applications/MAMP/yii1.1/framework/web/filters/CFilterChain.php(133): CController->runAction(Object(CInlineAction))
#2 /Applications/MAMP/yii1.1/framework/web/filters/CFilter.php(40): CFilterChain->run()
#3 /Applications/MAMP/yii1.1/framework/web/CController.php(1145): CFilter->filter(Object(CFilterChain))
#4 /Applications/MAMP/yii1.1/framework/web/filters/CInlineFilter.php(58): CController->filterAccessControl(Object(CFilterChain))
#5 /Applications/MAMP/yii1.1/framework/web/filters/CFilterChain.php(130): CInlineFilter->filter(Object(CFilterChain))
#6 /Applications/MAMP/yii1.1/framework/web/CController.php(291): CFilterChain->run()
#7 /Applications/MAMP/yii1.1/framework/web/CController.php(265): CController->runActionWithFilters(Object(CInlineAction), Array)
#8 /Applications/MAMP/yii1.1/framework/web/CWebApplication.php(282): CController->run('PreviewEmployee')
#9 /Applications/MAMP/yii1.1/framework/web/CWebApplication.php(141): CWebApplication->runController('employee/Previe...')
#10 /Applications/MAMP/yii1.1/framework/base/CApplication.php(180): CWebApplication->processRequest()
#11 /Applications/MAMP/htdocs/test.yiiapp.com/index.php(13): CApplication->run()
#12 {main}
REQUEST_URI=/index.php?r=employee/PreviewEmployee
---
2014/09/14 21:50:35 [error] [php] include(/Applications/MAMP/htdocs/test.yiiapp.com/protected/vendors/html2pdf/html2pdf.class.php): failed to open stream: No such file or directory (/Applications/MAMP/yii1.1/framework/YiiBase.php:401)
Stack trace:
#0 unknown(0): spl_autoload_call()
#1 /Applications/MAMP/htdocs/test.yiiapp.com/protected/extensions/yii-pdf/EYiiPdf.php(82): ReflectionClass->__construct()
#2 /Applications/MAMP/htdocs/test.yiiapp.com/protected/extensions/yii-pdf/EYiiPdf.php(115): EYiiPdf->initLibrary()
#3 /Applications/MAMP/htdocs/test.yiiapp.com/protected/controllers/EmployeeController.php(182): EYiiPdf->HTML2PDF()
#4 unknown(0): EmployeeController->actionPreviewEmployee()
#5 /Applications/MAMP/yii1.1/framework/web/actions/CAction.php(108): ReflectionMethod->invokeArgs()
#6 /Applications/MAMP/yii1.1/framework/web/actions/CInlineAction.php(47): CInlineAction->runWithParamsInternal()
#7 /Applications/MAMP/yii1.1/framework/web/CController.php(308): CInlineAction->runWithParams()
#8 /Applications/MAMP/yii1.1/framework/web/filters/CFilterChain.php(133): EmployeeController->runAction()
#9 /Applications/MAMP/yii1.1/framework/web/filters/CFilter.php(40): CFilterChain->run()
#10 /Applications/MAMP/yii1.1/framework/web/CController.php(1145): CAccessControlFilter->filter()
#11 /Applications/MAMP/yii1.1/framework/web/filters/CInlineFilter.php(58): EmployeeController->filterAccessControl()
#12 /Applications/MAMP/yii1.1/framework/web/filters/CFilterChain.php(130): CInlineFilter->filter()
#13 /Applications/MAMP/yii1.1/framework/web/CController.php(291): CFilterChain->run()
#14 /Applications/MAMP/yii1.1/framework/web/CController.php(265): EmployeeController->runActionWithFilters()
#15 /Applications/MAMP/yii1.1/framework/web/CWebApplication.php(282): EmployeeController->run()
#16 /Applications/MAMP/yii1.1/framework/web/CWebApplication.php(141): CWebApplication->runController()
#17 /Applications/MAMP/yii1.1/framework/base/CApplication.php(180): CWebApplication->processRequest()
#18 /Applications/MAMP/htdocs/test.yiiapp.com/index.php(13): CWebApplication->run()
REQUEST_URI=/index.php?r=employee/PreviewEmployee&id=1
in /Applications/MAMP/htdocs/test.yiiapp.com/protected/extensions/yii-pdf/EYiiPdf.php (82)
in /Applications/MAMP/htdocs/test.yiiapp.com/protected/extensions/yii-pdf/EYiiPdf.php (115)
in /Applications/MAMP/htdocs/test.yiiapp.com/protected/controllers/EmployeeController.php (182)
2014/09/14 21:51:44 [error] [php] include(/Applications/MAMP/htdocs/test.yiiapp.com/protected/vendors/html2pdf/html2pdf.class.php): failed to open stream: No such file or directory (/Applications/MAMP/yii1.1/framework/YiiBase.php:401)
Stack trace:
#0 unknown(0): spl_autoload_call()
#1 /Applications/MAMP/htdocs/test.yiiapp.com/protected/extensions/yii-pdf/EYiiPdf.php(82): ReflectionClass->__construct()
#2 /Applications/MAMP/htdocs/test.yiiapp.com/protected/extensions/yii-pdf/EYiiPdf.php(115): EYiiPdf->initLibrary()
#3 /Applications/MAMP/htdocs/test.yiiapp.com/protected/controllers/EmployeeController.php(182): EYiiPdf->HTML2PDF()
#4 unknown(0): EmployeeController->actionPreviewEmployee()
#5 /Applications/MAMP/yii1.1/framework/web/actions/CAction.php(108): ReflectionMethod->invokeArgs()
#6 /Applications/MAMP/yii1.1/framework/web/actions/CInlineAction.php(47): CInlineAction->runWithParamsInternal()
#7 /Applications/MAMP/yii1.1/framework/web/CController.php(308): CInlineAction->runWithParams()
#8 /Applications/MAMP/yii1.1/framework/web/filters/CFilterChain.php(133): EmployeeController->runAction()
#9 /Applications/MAMP/yii1.1/framework/web/filters/CFilter.php(40): CFilterChain->run()
#10 /Applications/MAMP/yii1.1/framework/web/CController.php(1145): CAccessControlFilter->filter()
#11 /Applications/MAMP/yii1.1/framework/web/filters/CInlineFilter.php(58): EmployeeController->filterAccessControl()
#12 /Applications/MAMP/yii1.1/framework/web/filters/CFilterChain.php(130): CInlineFilter->filter()
#13 /Applications/MAMP/yii1.1/framework/web/CController.php(291): CFilterChain->run()
#14 /Applications/MAMP/yii1.1/framework/web/CController.php(265): EmployeeController->runActionWithFilters()
#15 /Applications/MAMP/yii1.1/framework/web/CWebApplication.php(282): EmployeeController->run()
#16 /Applications/MAMP/yii1.1/framework/web/CWebApplication.php(141): CWebApplication->runController()
#17 /Applications/MAMP/yii1.1/framework/base/CApplication.php(180): CWebApplication->processRequest()
#18 /Applications/MAMP/htdocs/test.yiiapp.com/index.php(13): CWebApplication->run()
REQUEST_URI=/index.php?r=employee/PreviewEmployee&id=1
in /Applications/MAMP/htdocs/test.yiiapp.com/protected/extensions/yii-pdf/EYiiPdf.php (82)
in /Applications/MAMP/htdocs/test.yiiapp.com/protected/extensions/yii-pdf/EYiiPdf.php (115)
in /Applications/MAMP/htdocs/test.yiiapp.com/protected/controllers/EmployeeController.php (182)
2014/09/14 21:51:57 [error] [php] include(/Applications/MAMP/htdocs/test.yiiapp.com/protected/vendors/html2pdf/html2pdf.class.php): failed to open stream: No such file or directory (/Applications/MAMP/yii1.1/framework/YiiBase.php:401)
Stack trace:
#0 unknown(0): spl_autoload_call()
#1 /Applications/MAMP/htdocs/test.yiiapp.com/protected/extensions/yii-pdf/EYiiPdf.php(82): ReflectionClass->__construct()
#2 /Applications/MAMP/htdocs/test.yiiapp.com/protected/extensions/yii-pdf/EYiiPdf.php(115): EYiiPdf->initLibrary()
#3 /Applications/MAMP/htdocs/test.yiiapp.com/protected/controllers/EmployeeController.php(182): EYiiPdf->HTML2PDF()
#4 unknown(0): EmployeeController->actionPreviewEmployee()
#5 /Applications/MAMP/yii1.1/framework/web/actions/CAction.php(108): ReflectionMethod->invokeArgs()
#6 /Applications/MAMP/yii1.1/framework/web/actions/CInlineAction.php(47): CInlineAction->runWithParamsInternal()
#7 /Applications/MAMP/yii1.1/framework/web/CController.php(308): CInlineAction->runWithParams()
#8 /Applications/MAMP/yii1.1/framework/web/filters/CFilterChain.php(133): EmployeeController->runAction()
#9 /Applications/MAMP/yii1.1/framework/web/filters/CFilter.php(40): CFilterChain->run()
#10 /Applications/MAMP/yii1.1/framework/web/CController.php(1145): CAccessControlFilter->filter()
#11 /Applications/MAMP/yii1.1/framework/web/filters/CInlineFilter.php(58): EmployeeController->filterAccessControl()
#12 /Applications/MAMP/yii1.1/framework/web/filters/CFilterChain.php(130): CInlineFilter->filter()
#13 /Applications/MAMP/yii1.1/framework/web/CController.php(291): CFilterChain->run()
#14 /Applications/MAMP/yii1.1/framework/web/CController.php(265): EmployeeController->runActionWithFilters()
#15 /Applications/MAMP/yii1.1/framework/web/CWebApplication.php(282): EmployeeController->run()
#16 /Applications/MAMP/yii1.1/framework/web/CWebApplication.php(141): CWebApplication->runController()
#17 /Applications/MAMP/yii1.1/framework/base/CApplication.php(180): CWebApplication->processRequest()
#18 /Applications/MAMP/htdocs/test.yiiapp.com/index.php(13): CWebApplication->run()
REQUEST_URI=/index.php?r=employee/PreviewEmployee&id=1
in /Applications/MAMP/htdocs/test.yiiapp.com/protected/extensions/yii-pdf/EYiiPdf.php (82)
in /Applications/MAMP/htdocs/test.yiiapp.com/protected/extensions/yii-pdf/EYiiPdf.php (115)
in /Applications/MAMP/htdocs/test.yiiapp.com/protected/controllers/EmployeeController.php (182)
